#
# A fatal error has been detected by the Java Runtime Environment:
#
#  SIGBUS (0x7) at pc=0x00007f9b66394eed, pid=374, tid=0x00007f9b0ec92700
#
# JRE version: OpenJDK Runtime Environment (8.0_131-b11) (build 1.8.0_131-8u131-b11-0ubuntu1.16.04.2-b11)
# Java VM: OpenJDK 64-Bit Server VM (25.131-b11 mixed mode linux-amd64 compressed oops)
# Problematic frame:
# C  [libzip.so+0x4eed]
#
# Core dump written. Default location: /srv/dspace-src/core or core.374
#
# If you would like to submit a bug report, please visit:
#   http://bugreport.java.com/bugreport/crash.jsp
# The crash happened outside the Java Virtual Machine in native code.
# See problematic frame for where to report the bug.
#

---------------  T H R E A D  ---------------

Current thread (0x00007f9b60125800):  JavaThread "ContainerBackgroundProcessor[StandardEngine[Catalina]]" daemon [_thread_in_native, id=443, stack(0x00007f9b0eb92000,0x00007f9b0ec93000)]

siginfo: si_signo: 7 (SIGBUS), si_code: 2 (BUS_ADRERR), si_addr: 0x00007f9b0ce7b3ac

Registers:
RAX=0x00007f9ae41361b0, RBX=0x00007f9ae41dd660, RCX=0x00007f9b0ce7b38c, RDX=0x00007f9ae41361b0
RSP=0x00007f9b0ec90c70, RBP=0x00007f9b0ec90ce0, RSI=0x00007f9ae4000038, RDI=0x0000000000000003
R8 =0x00007f9ae415bf70, R9 =0x00007f9b68bb6020, R10=0x00007f9b51203f98, R11=0x00000000e0840748
R12=0x00007f9ae41df1d8, R13=0x00007f9b0ec90d86, R14=0x00007f9ae41580c0, R15=0x00007f9ae41361b0
RIP=0x00007f9b66394eed, EFLAGS=0x0000000000010202, CSGSFS=0x002b000000000033, ERR=0x0000000000000004
  TRAPNO=0x000000000000000e

Top of Stack: (sp=0x00007f9b0ec90c70)
0x00007f9b0ec90c70:   006473782e302e31 5f5f313000000000
0x00007f9b0ec90c80:   00007f9b0ec90d40 00007f9b515f892c
0x00007f9b0ec90c90:   000000000000036d 0000000000000032
0x00007f9b0ec90ca0:   0000000060125800 00007f9b68537670
0x00007f9b0ec90cb0:   0000000000000037 00007f9ae41df1d0
0x00007f9b0ec90cc0:   00000000dd9805dd 00007f9b0ec90d86
0x00007f9b0ec90cd0:   00007f9ae41580c0 00007f9ae41dd660
0x00007f9b0ec90ce0:   00007f9b0ec90d30 00007f9b66395c84
0x00007f9b0ec90cf0:   00007f9b0ec90d50 0000003701307200
0x00007f9b0ec90d00:   00007f9b0ec90d30 0000000000000037
0x00007f9b0ec90d10:   00007f9b601259e0 00000000e0840600
0x00007f9b0ec90d20:   00007f9b0ec911a8 00007f9ae41dd660
0x00007f9b0ec90d30:   00007f9b0ec91190 00007f9b66393bec
0x00007f9b0ec90d40:   00007f9b0ec90d50 000000010ec91000
0x00007f9b0ec90d50:   617073642f67726f 746e6564692f6563
0x00007f9b0ec90d60:   64492f7265696669 7265696669746e65
0x00007f9b0ec90d70:   646e756f46746f4e 6f69747065637845
0x00007f9b0ec90d80:   007373616c632e6e 6563697600000000
0x00007f9b0ec90d90:   00007f9b60584278 00007f9b0ec91000
0x00007f9b0ec90da0:   00007f9b60125800 00007f9b604ff490
0x00007f9b0ec90db0:   00007f9b60584260 00007f9b60584280
0x00007f9b0ec90dc0:   00007f9b60584348 00000000000000d8
0x00007f9b0ec90dd0:   00007f9b0ec91b30 00007f9b182c5618
0x00007f9b0ec90de0:   00007f9b60125800 00007f9ae407d070
0x00007f9b0ec90df0:   00007f9b649243d8 00000000e0829348
0x00007f9b0ec90e00:   00007f9b0ec912b0 00007f9b51213f8c
0x00007f9b0ec90e10:   0000000000000000 00007f9b0ec91000
0x00007f9b0ec90e20:   00007f9b649243d8 9c64ee3615307200
0x00007f9b0ec90e30:   00007f9b0ec90e90 00007f9b0ec91000
0x00007f9b0ec90e40:   00007f9b0ec91050 00007f9b60125800
0x00007f9b0ec90e50:   00007f9b0ec90f40 00007f9b0ec91000
0x00007f9b0ec90e60:   00007f9b0ec90ff0 00007f9b6833dea1 

Instructions: (pc=0x00007f9b66394eed)
0x00007f9b66394ecd:   40 30 00 00 00 00 48 c7 40 28 00 00 00 00 0f 84
0x00007f9b66394edd:   bf 01 00 00 49 8b 0c 24 48 2b 4b 28 48 03 4b 18
0x00007f9b66394eed:   0f b7 41 20 44 0f b7 69 1c 49 89 ce 44 0f b7 61
0x00007f9b66394efd:   1e 89 45 c0 41 8b 46 0c 48 c7 45 c8 00 00 00 00 

Register to memory mapping:

RAX=0x00007f9ae41361b0 is an unknown value
RBX=0x00007f9ae41dd660 is an unknown value
RCX=0x00007f9b0ce7b38c is an unknown value
RDX=0x00007f9ae41361b0 is an unknown value
RSP=0x00007f9b0ec90c70 is pointing into the stack for thread: 0x00007f9b60125800
RBP=0x00007f9b0ec90ce0 is pointing into the stack for thread: 0x00007f9b60125800
RSI=0x00007f9ae4000038 is an unknown value
RDI=0x0000000000000003 is an unknown value
R8 =0x00007f9ae415bf70 is an unknown value
R9 =0x00007f9b68bb6020: <offset 0xef4020> in /usr/lib/jvm/java-8-openjdk-amd64/jre/lib/amd64/server/libjvm.so at 0x00007f9b67cc2000
R10=0x00007f9b51203f98 is at entry_point+88 in (nmethod*)0x00007f9b51203dd0
R11=0x00000000e0840748 is an oop
